<?xml version="1.0" encoding="UTF-8"?>
<!-- Generated by org.testng.reporters.JUnitReportReporter -->
<testsuite hostname="Rajan" failures="0" tests="2" name="basic_of_testNG.Ng1" time="14.266" errors="0" timestamp="2023-10-31T15:04:49 IST" skipped="0">
  <testcase classname="basic_of_testNG.Ng1" name="zlogin" time="6.742"/>
  <system-out/>
  <testcase classname="basic_of_testNG.Ng1" name="register" time="7.524"/>
  <system-out/>
</testsuite> <!-- basic_of_testNG.Ng1 -->
